[14:01:56] [ServerMain/INFO]: Building unoptimized datafixer
[14:01:57] [ServerMain/INFO]: Environment: authHost='https://authserver.mojang.com', accountsHost='https://api.mojang.com', sessionHost='https://sessionserver.mojang.com', servicesHost='https://api.minecraftservices.com', name='PROD'
[14:01:58] [ServerMain/INFO]: Loaded 7 recipes
[14:01:58] [ServerMain/INFO]: Loaded 1179 advancements
[14:01:59] [Server thread/INFO]: Starting minecraft server version 1.19.3
[14:01:59] [Server thread/INFO]: Loading properties
[14:01:59] [Server thread/INFO]: Default game type: SURVIVAL
[14:01:59] [Server thread/INFO]: Generating keypair
[14:01:59] [Server thread/INFO]: Starting Minecraft server on *:25565
[14:01:59] [Server thread/INFO]: Using epoll channel type
[14:01:59] [Server thread/INFO]: Preparing level "world"
[14:02:00] [Server thread/INFO]: Preparing start region for dimension minecraft:overworld
[14:02:01] [Worker-Main-5/INFO]: Preparing spawn area: 0%
[14:02:01] [Worker-Main-4/INFO]: Preparing spawn area: 0%
[14:02:01] [Worker-Main-8/INFO]: Preparing spawn area: 0%
[14:02:01] [Worker-Main-8/INFO]: Preparing spawn area: 0%
[14:02:02] [Worker-Main-6/INFO]: Preparing spawn area: 0%
[14:02:02] [Worker-Main-1/INFO]: Preparing spawn area: 10%
[14:02:03] [Worker-Main-10/INFO]: Preparing spawn area: 53%
[14:02:03] [Worker-Main-11/INFO]: Preparing spawn area: 71%
[14:02:03] [Server thread/INFO]: Time elapsed: 3747 ms
[14:02:03] [Server thread/INFO]: Done (4.434s)! For help, type "help"
[14:02:03] [Server thread/INFO]: Starting remote control listener
[14:02:03] [Server thread/INFO]: Thread RCON Listener started
[14:02:03] [Server thread/INFO]: RCON running on 0.0.0.0:25995
[14:03:25] [User Authenticator #1/INFO]: UUID of player 500enndama is 4b35be39-50c5-45b6-992c-ae10efd8a9c0
[14:03:25] [Server thread/INFO]: 500enndama[/192.168.10.101:61283] logged in with entity id 405 at (372.87940677881517, 77.5625, 27.00377324127346)
[14:03:25] [Server thread/INFO]: 500enndama joined the game
[14:03:55] [Server thread/INFO]: 500enndama lost connection: Disconnected
[14:03:55] [Server thread/INFO]: 500enndama left the game
